chance AP: val = 0.102114 (std 0.0250124), test = 0.103956 (std 0.0379683)
chance ACC: val = 0.922385 (std 0.0195029), test = 0.919734 (std 0.0317071)
            dataset: 'seg'
              numch: 1
             numhid: 16
             numpen: 40
           numhyper: 56
             numout: 1
           optimize: 'lbfgs'
                 ws: 12
                ws2: 8
                ws3: 4
                 rs: 70
                 cs: 112
       nonlinearity: 'relu'
                eps: 1.0000e-04
          eps_decay: 0.0100
            maxiter: 200
          batchsize: 10
    momentum_change: 0
      momentum_init: 0.3300
     momentum_final: 0.5000
            verbose: 0

val AP = 0.0847404
 Iteration   FunEvals     Step Length    Function Val        Opt Cond
val AP = 0.0921533
val AP = 0.0957271
val AP = 0.093304
val AP = 0.0868165
         1          5     5.98490e-03     3.25504e+03     1.90165e+02
val AP = 0.211438
val AP = 0.0868577
         2          7     7.37389e-03     3.24783e+03     2.32498e+02
val AP = 0.0877826
val AP = 0.0871652
         3          9     6.62522e-01     3.19767e+03     4.48168e+02
val AP = 0.0876781
         4         10     1.00000e+00     3.16872e+03     5.63165e+02
val AP = 0.0891913
         5         11     1.00000e+00     3.12586e+03     3.81742e+02
val AP = 0.0893224
         6         12     1.00000e+00     3.11422e+03     2.08050e+02
val AP = 0.0909447
         7         13     1.00000e+00     3.10360e+03     2.23272e+02
val AP = 0.0977364
         8         14     1.00000e+00     3.08015e+03     2.98397e+02
val AP = 0.106767
         9         15     1.00000e+00     3.06936e+03     2.97276e+02
val AP = 0.102066
        10         16     1.00000e+00     3.04419e+03     2.92613e+02
val AP = 0.100405
        11         17     1.00000e+00     2.96393e+03     3.18758e+02
val AP = 0.101609
        12         18     1.00000e+00     2.90962e+03     3.66675e+02
val AP = 0.123329
val AP = 0.100051
        13         20     4.00724e-01     2.80122e+03     5.18104e+02
val AP = 0.11388
        14         21     1.00000e+00     2.67931e+03     6.51186e+02
val AP = 0.200144
val AP = 0.142243
        15         23     3.55546e-01     2.62984e+03     1.20321e+03
val AP = 0.136261
        16         24     1.00000e+00     2.55476e+03     7.34496e+02
val AP = 0.15475
        17         25     1.00000e+00     2.41206e+03     6.89070e+02
val AP = 0.23561
val AP = 0.225247
        18         27     6.74739e-01     2.16993e+03     1.16310e+03
val AP = 0.422641
        19         28     1.00000e+00     1.89480e+03     2.06811e+03
val AP = 0.426558
val AP = 0.482685
val AP = 0.567792
        20         31     1.31875e-01     1.77461e+03     1.44579e+03
val AP = 0.303781
val AP = 0.597734
        21         33     3.98707e-02     1.74095e+03     1.08621e+03
val AP = 0.685976
val AP = 0.684274
        22         35     3.90553e-01     1.69813e+03     5.26047e+02
val AP = 0.68648
        23         36     1.00000e+00     1.69483e+03     3.56134e+02
val AP = 0.64547
        24         37     1.00000e+00     1.67211e+03     2.21715e+02
val AP = 0.549107
        25         38     1.00000e+00     1.65825e+03     1.67626e+02
val AP = 0.457765
        26         39     1.00000e+00     1.64640e+03     5.40906e+02
val AP = 0.424956
val AP = 0.418083
val AP = 0.414752
val AP = 0.425384
val AP = 0.425389
val AP = 0.425487
val AP = 0.425515
val AP = 0.425691
        27         47     9.62727e-01     1.57813e+03     4.06719e+02
val AP = 0.417428
        28         48     1.00000e+00     1.55741e+03     4.02990e+03
val AP = 0.0800174
val AP = 0.0784318
val AP = 0.0777901
val AP = 0.0806994
val AP = 0.0812632
val AP = 0.0828851
val AP = 0.158496
val AP = 0.362122
val AP = 0.409116
        29         57     6.78342e-03     1.52887e+03     5.73906e+03
val AP = 0.293505
val AP = 0.384763
        30         59     2.18172e-01     1.50316e+03     4.21677e+03
val AP = 0.387731
        31         60     1.00000e+00     1.46447e+03     4.43097e+02
val AP = 0.389724
        32         61     1.00000e+00     1.45291e+03     8.48476e+02
val AP = 0.406515
        33         62     1.00000e+00     1.44236e+03     1.09321e+03
val AP = 0.419425
        34         63     1.00000e+00     1.43048e+03     1.61218e+03
val AP = 0.457168
        35         64     1.00000e+00     1.37297e+03     2.84277e+03
val AP = 0.447841
        36         65     1.00000e+00     1.35012e+03     2.92576e+03
val AP = 0.453967
        37         66     1.00000e+00     1.32260e+03     1.31153e+03
val AP = 0.456489
        38         67     1.00000e+00     1.31040e+03     4.59435e+02
val AP = 0.457884
        39         68     1.00000e+00     1.30525e+03     1.23558e+02
val AP = 0.458259
        40         69     1.00000e+00     1.29912e+03     1.86348e+02
val AP = 0.459704
        41         70     1.00000e+00     1.29227e+03     5.07843e+02
val AP = 0.470293
val AP = 0.491463
val AP = 0.48342
        42         73     3.54714e+00     1.24288e+03     9.93414e+01
val AP = 0.494552
        43         74     1.00000e+00     1.22946e+03     2.12418e+02
val AP = 0.505662
        44         75     1.00000e+00     1.21785e+03     1.60596e+02
val AP = 0.519765
        45         76     1.00000e+00     1.20626e+03     2.26000e+02
val AP = 0.527959
        46         77     1.00000e+00     1.19662e+03     8.72808e+01
val AP = 0.548362
        47         78     1.00000e+00     1.17485e+03     3.91948e+02
val AP = 0.576321
        48         79     1.00000e+00     1.15338e+03     1.01127e+03
val AP = 0.625963
        49         80     1.00000e+00     1.12430e+03     1.38830e+03
val AP = 0.652903
        50         81     1.00000e+00     1.10787e+03     1.11884e+03
val AP = 0.669333
        51         82     1.00000e+00     1.10013e+03     2.83922e+02
val AP = 0.682283
        52         83     1.00000e+00     1.08846e+03     2.73267e+02
val AP = 0.713687
        53         84     1.00000e+00     1.04672e+03     7.32401e+02
val AP = 0.713036
        54         85     1.00000e+00     1.03395e+03     7.75359e+02
val AP = 0.716929
        55         86     1.00000e+00     9.92150e+02     3.89046e+02
val AP = 0.723303
val AP = 0.727904
        56         88     4.04708e-01     9.78782e+02     1.42430e+03
val AP = 0.729749
        57         89     1.00000e+00     9.64496e+02     1.46648e+02
val AP = 0.729838
        58         90     1.00000e+00     9.58496e+02     1.74009e+02
val AP = 0.757509
        59         91     1.00000e+00     9.17386e+02     4.37436e+02
val AP = 0.779959
        60         92     1.00000e+00     8.86251e+02     7.88844e+02
val AP = 0.785044
        61         93     1.00000e+00     8.74060e+02     4.69874e+02
val AP = 0.788821
        62         94     1.00000e+00     8.70085e+02     1.91105e+02
val AP = 0.788987
        63         95     1.00000e+00     8.68445e+02     1.18506e+02
val AP = 0.789812
        64         96     1.00000e+00     8.62302e+02     7.33413e+01
val AP = 0.796378
        65         97     1.00000e+00     8.45032e+02     1.09817e+02
val AP = 0.808764
        66         98     1.00000e+00     8.16260e+02     4.25222e+02
val AP = 0.816441
        67         99     1.00000e+00     7.94300e+02     1.95766e+02
val AP = 0.822803
        68        100     1.00000e+00     7.82054e+02     2.53259e+02
val AP = 0.827946
        69        101     1.00000e+00     7.73450e+02     5.71374e+02
val AP = 0.837958
        70        102     1.00000e+00     7.67553e+02     3.43225e+02
val AP = 0.840049
        71        103     1.00000e+00     7.60632e+02     2.63503e+02
val AP = 0.842027
        72        104     1.00000e+00     7.55374e+02     3.20492e+02
val AP = 0.84829
        73        105     1.00000e+00     7.39137e+02     2.65574e+02
val AP = 0.857817
        74        106     1.00000e+00     7.13433e+02     4.37072e+02
val AP = 0.858171
        75        107     1.00000e+00     7.05609e+02     3.88440e+02
val AP = 0.861311
        76        108     1.00000e+00     7.01452e+02     2.11374e+02
val AP = 0.862255
        77        109     1.00000e+00     7.00163e+02     8.76322e+01
val AP = 0.862812
        78        110     1.00000e+00     6.98427e+02     7.35383e+01
val AP = 0.864453
        79        111     1.00000e+00     6.94015e+02     2.36707e+02
val AP = 0.864788
        80        112     1.00000e+00     6.90024e+02     2.31178e+02
val AP = 0.863981
        81        113     1.00000e+00     6.77908e+02     1.92534e+02
val AP = 0.86631
        82        114     1.00000e+00     6.64577e+02     1.40756e+02
val AP = 0.867887
        83        115     1.00000e+00     6.55974e+02     8.96283e+01
val AP = 0.873961
        84        116     1.00000e+00     6.40655e+02     5.61123e+02
val AP = 0.87704
        85        117     1.00000e+00     6.27450e+02     3.95049e+02
val AP = 0.875711
        86        118     1.00000e+00     6.17319e+02     4.23809e+02
val AP = 0.871435
        87        119     1.00000e+00     6.10419e+02     3.76300e+02
val AP = 0.87156
        88        120     1.00000e+00     6.07847e+02     1.99199e+02
val AP = 0.873591
        89        121     1.00000e+00     6.06314e+02     1.15902e+02
val AP = 0.875397
        90        122     1.00000e+00     6.04069e+02     2.04364e+02
val AP = 0.878383
        91        123     1.00000e+00     5.99843e+02     2.59593e+02
val AP = 0.881758
        92        124     1.00000e+00     5.93827e+02     1.58907e+02
val AP = 0.884205
        93        125     1.00000e+00     5.88084e+02     1.20574e+02
val AP = 0.884919
        94        126     1.00000e+00     5.82171e+02     1.31433e+02
val AP = 0.887255
        95        127     1.00000e+00     5.71431e+02     2.83694e+02
val AP = 0.885521
        96        128     1.00000e+00     5.62442e+02     1.24648e+02
val AP = 0.887924
        97        129     1.00000e+00     5.57951e+02     2.02988e+02
val AP = 0.88778
        98        130     1.00000e+00     5.53802e+02     1.30702e+02
val AP = 0.887434
        99        131     1.00000e+00     5.51704e+02     1.36328e+02
val AP = 0.887315
       100        132     1.00000e+00     5.48990e+02     1.10582e+02
val AP = 0.887707
       101        133     1.00000e+00     5.40191e+02     1.89318e+02
val AP = 0.885933
       102        134     1.00000e+00     5.34355e+02     1.37964e+02
val AP = 0.885526
       103        135     1.00000e+00     5.31784e+02     9.87943e+01
val AP = 0.885751
       104        136     1.00000e+00     5.26049e+02     1.86353e+02
val AP = 0.886503
       105        137     1.00000e+00     5.19512e+02     1.07569e+02
val AP = 0.889921
       106        138     1.00000e+00     5.15213e+02     7.81887e+01
val AP = 0.895295
       107        139     1.00000e+00     5.07715e+02     9.42963e+01
val AP = 0.897232
       108        140     1.00000e+00     5.03269e+02     8.78016e+01
val AP = 0.896989
       109        141     1.00000e+00     4.95395e+02     1.12234e+02
val AP = 0.897485
       110        142     1.00000e+00     4.86320e+02     2.13220e+02
val AP = 0.89818
       111        143     1.00000e+00     4.82385e+02     3.12999e+02
val AP = 0.901996
       112        144     1.00000e+00     4.79105e+02     1.38968e+02
val AP = 0.899347
       113        145     1.00000e+00     4.78027e+02     1.20190e+02
val AP = 0.90093
       114        146     1.00000e+00     4.76902e+02     8.22727e+01
val AP = 0.901504
       115        147     1.00000e+00     4.76034e+02     6.23483e+01
val AP = 0.902275
       116        148     1.00000e+00     4.73738e+02     1.09328e+02
val AP = 0.904243
       117        149     1.00000e+00     4.67993e+02     2.02054e+02
val AP = 0.907029
       118        150     1.00000e+00     4.63232e+02     8.20737e+01
val AP = 0.906093
       119        151     1.00000e+00     4.59541e+02     1.20839e+02
val AP = 0.905701
       120        152     1.00000e+00     4.56751e+02     8.80391e+01
val AP = 0.906999
       121        153     1.00000e+00     4.53731e+02     8.38139e+01
val AP = 0.908186
       122        154     1.00000e+00     4.50724e+02     2.22290e+02
val AP = 0.911819
       123        155     1.00000e+00     4.46287e+02     1.27226e+02
val AP = 0.914319
       124        156     1.00000e+00     4.42329e+02     6.45559e+01
val AP = 0.916559
       125        157     1.00000e+00     4.38566e+02     1.62604e+02
val AP = 0.916494
       126        158     1.00000e+00     4.35079e+02     2.15106e+02
val AP = 0.916636
       127        159     1.00000e+00     4.31142e+02     1.90628e+02
val AP = 0.913052
       128        160     1.00000e+00     4.27089e+02     1.60675e+02
val AP = 0.91588
       129        161     1.00000e+00     4.22499e+02     8.44514e+01
val AP = 0.919673
       130        162     1.00000e+00     4.16573e+02     1.70885e+02
val AP = 0.921672
       131        163     1.00000e+00     4.09866e+02     2.83400e+02
val AP = 0.919919
       132        164     1.00000e+00     4.04101e+02     1.53415e+02
val AP = 0.919278
       133        165     1.00000e+00     4.01533e+02     5.34531e+01
val AP = 0.918915
       134        166     1.00000e+00     3.99955e+02     6.69423e+01
val AP = 0.918573
       135        167     1.00000e+00     3.98242e+02     5.46147e+01
val AP = 0.919558
       136        168     1.00000e+00     3.95113e+02     5.37701e+01
val AP = 0.918968
       137        169     1.00000e+00     3.90934e+02     9.87241e+01
val AP = 0.92264
       138        170     1.00000e+00     3.84933e+02     1.47211e+02
val AP = 0.921339
       139        171     1.00000e+00     3.82594e+02     6.52689e+01
val AP = 0.920029
       140        172     1.00000e+00     3.80090e+02     5.64481e+01
val AP = 0.921789
       141        173     1.00000e+00     3.77676e+02     8.30349e+01
val AP = 0.922754
       142        174     1.00000e+00     3.75470e+02     1.29485e+02
val AP = 0.923211
       143        175     1.00000e+00     3.73897e+02     3.71535e+01
val AP = 0.923781
       144        176     1.00000e+00     3.71509e+02     5.46285e+01
val AP = 0.925392
       145        177     1.00000e+00     3.66201e+02     4.46231e+01
val AP = 0.924712
       146        178     1.00000e+00     3.62287e+02     2.10630e+02
val AP = 0.924621
       147        179     1.00000e+00     3.59698e+02     5.30573e+01
val AP = 0.924336
       148        180     1.00000e+00     3.57238e+02     1.36295e+02
val AP = 0.924897
       149        181     1.00000e+00     3.55687e+02     6.52366e+01
val AP = 0.92498
       150        182     1.00000e+00     3.54775e+02     4.10729e+01
val AP = 0.925178
       151        183     1.00000e+00     3.53656e+02     7.77237e+01
val AP = 0.925101
       152        184     1.00000e+00     3.51885e+02     6.29661e+01
val AP = 0.925328
       153        185     1.00000e+00     3.49159e+02     7.65954e+01
val AP = 0.92535
       154        186     1.00000e+00     3.45667e+02     2.35680e+02
val AP = 0.925508
       155        187     1.00000e+00     3.44028e+02     6.75930e+01
val AP = 0.925816
       156        188     1.00000e+00     3.42180e+02     1.27803e+02
val AP = 0.925249
       157        189     1.00000e+00     3.40353e+02     1.33355e+02
val AP = 0.924967
       158        190     1.00000e+00     3.37723e+02     5.74513e+01
val AP = 0.924278
       159        191     1.00000e+00     3.35839e+02     9.40503e+01
val AP = 0.924505
       160        192     1.00000e+00     3.33950e+02     1.16465e+02
val AP = 0.9246
       161        193     1.00000e+00     3.30647e+02     5.60213e+01
val AP = 0.925163
       162        194     1.00000e+00     3.28917e+02     6.34426e+01
val AP = 0.926498
       163        195     1.00000e+00     3.27101e+02     5.48862e+01
val AP = 0.927405
       164        196     1.00000e+00     3.25832e+02     4.16869e+01
val AP = 0.928544
       165        197     1.00000e+00     3.24593e+02     3.54657e+01
val AP = 0.929744
       166        198     1.00000e+00     3.21529e+02     5.90351e+01
val AP = 0.93013
       167        199     1.00000e+00     3.18004e+02     1.00376e+02
val AP = 0.928617
       168        200     1.00000e+00     3.16039e+02     9.25521e+01
val AP = 0.927777
       169        201     1.00000e+00     3.14926e+02     5.32824e+01
val AP = 0.927249
       170        202     1.00000e+00     3.14312e+02     2.63587e+01
val AP = 0.927443
       171        203     1.00000e+00     3.13711e+02     5.76158e+01
val AP = 0.927983
       172        204     1.00000e+00     3.12105e+02     7.08239e+01
val AP = 0.928557
       173        205     1.00000e+00     3.09206e+02     5.38642e+01
val AP = 0.928217
       174        206     1.00000e+00     3.06261e+02     3.82266e+01
val AP = 0.928673
       175        207     1.00000e+00     3.03607e+02     1.05473e+02
val AP = 0.928709
       176        208     1.00000e+00     3.01674e+02     1.38969e+02
val AP = 0.928573
       177        209     1.00000e+00     2.99155e+02     9.16704e+01
val AP = 0.929105
       178        210     1.00000e+00     2.96770e+02     8.85961e+01
val AP = 0.929667
       179        211     1.00000e+00     2.95792e+02     4.49399e+01
val AP = 0.930105
       180        212     1.00000e+00     2.95121e+02     9.58074e+01
val AP = 0.930662
       181        213     1.00000e+00     2.94525e+02     1.10738e+02
val AP = 0.931646
       182        214     1.00000e+00     2.93232e+02     1.00816e+02
val AP = 0.933016
       183        215     1.00000e+00     2.90628e+02     5.50837e+01
val AP = 0.933516
       184        216     1.00000e+00     2.88689e+02     3.55530e+01
val AP = 0.933136
       185        217     1.00000e+00     2.86453e+02     8.56885e+01
val AP = 0.932948
       186        218     1.00000e+00     2.85190e+02     9.51902e+01
val AP = 0.932951
       187        219     1.00000e+00     2.84139e+02     6.41858e+01
val AP = 0.932542
       188        220     1.00000e+00     2.82657e+02     7.37831e+01
val AP = 0.932715
       189        221     1.00000e+00     2.81420e+02     4.80993e+01
val AP = 0.93185
       190        222     1.00000e+00     2.78529e+02     7.72420e+01
val AP = 0.930396
       191        223     1.00000e+00     2.74526e+02     1.05164e+02
val AP = 0.928637
       192        224     1.00000e+00     2.73474e+02     1.81737e+02
val AP = 0.928598
       193        225     1.00000e+00     2.72495e+02     4.83507e+01
val AP = 0.92885
       194        226     1.00000e+00     2.72024e+02     6.15226e+01
val AP = 0.929122
       195        227     1.00000e+00     2.71403e+02     2.70197e+01
val AP = 0.92869
       196        228     1.00000e+00     2.70668e+02     2.39633e+01
val AP = 0.928752
       197        229     1.00000e+00     2.69230e+02     4.17986e+01
val AP = 0.927895
       198        230     1.00000e+00     2.67615e+02     5.84193e+01
val AP = 0.928795
       199        231     1.00000e+00     2.65201e+02     5.62334e+01
val AP = 0.929373
       200        232     1.00000e+00     2.64318e+02     1.45962e+02
Reached Maximum Number of Iterations
AP: val = 0.929373, test = 0.943073 (seg_lbfgs_rs_70_cs_112_ws_12_nh_16_ws2_8_np_40_relu_itr_200)
AP: val = 0.942305 (std 0.03166), test = 0.93729 (std 0.0569717) (alpha = 0.1) (inference time per image = 1.2188, seg_lbfgs_rs_70_cs_112_ws_12_nh_16_ws2_8_np_40_relu_itr_200)
ACC: val = 0.978346 (std 0.00749729), test = 0.977283 (std 0.0131483) (alpha = 0.1) (inference time per image = 1.2188, seg_lbfgs_rs_70_cs_112_ws_12_nh_16_ws2_8_np_40_relu_itr_200)
AP (orig): val = 0.914896 (std 0.0378286), test = 0.911149 (std 0.0638931) (alpha = 0.1) (inference time per image = 1.2188, seg_lbfgs_rs_70_cs_112_ws_12_nh_16_ws2_8_np_40_relu_itr_200)
ACC (orig): val = 0.978248 (std 0.00751007), test = 0.97698 (std 0.0132458) (alpha = 0.1) (inference time per image = 1.2188, seg_lbfgs_rs_70_cs_112_ws_12_nh_16_ws2_8_np_40_relu_itr_200)
