chance AP: val = 0.102114 (std 0.0250124), test = 0.103956 (std 0.0379683)
chance ACC: val = 0.922385 (std 0.0195029), test = 0.919734 (std 0.0317071)
            dataset: 'seg'
              numch: 1
             numhid: 16
             numpen: 40
           numhyper: 56
             numout: 1
           optimize: 'lbfgs'
                 ws: 12
                ws2: 8
                ws3: 4
                 rs: 70
                 cs: 112
       nonlinearity: 'relu'
                eps: 1.0000e-04
          eps_decay: 0.0100
            maxiter: 200
          batchsize: 10
    momentum_change: 0
      momentum_init: 0.3300
     momentum_final: 0.5000
            verbose: 0

AP: val = 0.929373, test = 0.943073 (seg_lbfgs_rs_70_cs_112_ws_12_nh_16_ws2_8_np_40_relu_itr_200)
AP: val = 0.919303 (std 0.101361), test = 0.928869 (std 0.0720314) (alpha = 0) (inference time per image = 1.1585, seg_lbfgs_rs_70_cs_112_ws_12_nh_16_ws2_8_np_40_relu_itr_200)
ACC: val = 0.976888 (std 0.0119228), test = 0.979019 (std 0.0107574) (alpha = 0) (inference time per image = 1.1585, seg_lbfgs_rs_70_cs_112_ws_12_nh_16_ws2_8_np_40_relu_itr_200)
AP (orig): val = 0.915978 (std 0.104062), test = 0.926666 (std 0.0726455) (alpha = 0) (inference time per image = 1.1585, seg_lbfgs_rs_70_cs_112_ws_12_nh_16_ws2_8_np_40_relu_itr_200)
ACC (orig): val = 0.976946 (std 0.0120459), test = 0.978924 (std 0.0106382) (alpha = 0) (inference time per image = 1.1585, seg_lbfgs_rs_70_cs_112_ws_12_nh_16_ws2_8_np_40_relu_itr_200)
